c:\users\young\desktop\structure analysis\201110756_정영훈\debug\vc140.pdb
c:\users\young\desktop\structure analysis\201110756_정영훈\debug\vc140.idb
c:\users\young\desktop\structure analysis\201110756_정영훈\debug\example.obj
c:\users\young\desktop\structure analysis\201110756_정영훈\debug\frame.obj
c:\users\young\desktop\structure analysis\201110756_정영훈\debug\graph.obj
c:\users\young\desktop\structure analysis\201110756_정영훈\debug\line.obj
c:\users\young\desktop\structure analysis\201110756_정영훈\debug\main.obj
c:\users\young\desktop\structure analysis\201110756_정영훈\debug\nr.obj
c:\users\young\desktop\structure analysis\201110756_정영훈\debug\point.obj
c:\users\young\desktop\structure analysis\201110756_정영훈\debug\polynominal.obj
c:\users\young\desktop\structure analysis\201110756_정영훈\debug\structure.obj
c:\users\young\desktop\structure analysis\201110756_정영훈\debug\truss.obj
c:\users\young\desktop\structure analysis\201110756_정영훈\debug\wire.obj
c:\users\young\desktop\structure analysis\debug\201110756_정영훈.ilk
c:\users\young\desktop\structure analysis\debug\201110756_정영훈.exe
c:\users\young\desktop\structure analysis\debug\201110756_정영훈.pdb
c:\users\young\desktop\structure analysis\201110756_정영훈\debug\201110756_정영훈.tlog\cl.command.1.tlog
c:\users\young\desktop\structure analysis\201110756_정영훈\debug\201110756_정영훈.tlog\cl.read.1.tlog
c:\users\young\desktop\structure analysis\201110756_정영훈\debug\201110756_정영훈.tlog\cl.write.1.tlog
c:\users\young\desktop\structure analysis\201110756_정영훈\debug\201110756_정영훈.tlog\link.command.1.tlog
c:\users\young\desktop\structure analysis\201110756_정영훈\debug\201110756_정영훈.tlog\link.read.1.tlog
c:\users\young\desktop\structure analysis\201110756_정영훈\debug\201110756_정영훈.tlog\link.write.1.tlog
